   1              	 .cpu cortex-m0
   2              	 .fpu softvfp
   3              	 .eabi_attribute 20,1
   4              	 .eabi_attribute 21,1
   5              	 .eabi_attribute 23,3
   6              	 .eabi_attribute 24,1
   7              	 .eabi_attribute 25,1
   8              	 .eabi_attribute 26,1
   9              	 .eabi_attribute 30,6
  10              	 .eabi_attribute 34,0
  11              	 .eabi_attribute 18,4
  12              	 .code 16
  13              	 .file "interrupt_conf.c"
  14              	 .text
  15              	.Ltext0:
  16              	 .cfi_sections .debug_frame
  17              	 .global INT_UART_Receive
  18              	 .section .rodata.INT_UART_Receive,"a",%progbits
  19              	 .align 2
  22              	INT_UART_Receive:
  23 0000 00       	 .byte 0
  24 0001 03       	 .byte 3
  25 0002 00       	 .byte 0
  26 0003 00       	 .text
  27              	.Letext0:
  28              	 .file 1 "c:\\users\\jrjkr\\downloads\\dave_4-4-2_64bit_2018-02-23\\dave-ide-4.4.2-64bit\\eclipse\\arm-gcc-49\\arm-none-eabi\\include\\machine\\_default_types.h"
  29              	 .file 2 "c:\\users\\jrjkr\\downloads\\dave_4-4-2_64bit_2018-02-23\\dave-ide-4.4.2-64bit\\eclipse\\arm-gcc-49\\arm-none-eabi\\include\\stdint.h"
  30              	 .file 3 "C:/Workspaces/DAVE-4.4.2-64Bit/HelloWorld/Libraries/CMSIS/Infineon/XMC1100_series/Include/XMC1100.h"
  31              	 .file 4 "../Dave/Generated/INTERRUPT/interrupt.h"
  32              	 .file 5 "C:/Workspaces/DAVE-4.4.2-64Bit/HelloWorld/Libraries/CMSIS/Include/cmsis_gcc.h"
  33              	 .file 6 "../Dave/Generated/INTERRUPT/interrupt_conf.c"
DEFINED SYMBOLS
                            *ABS*:00000000 interrupt_conf.c
    {standard input}:22     .rodata.INT_UART_Receive:00000000 INT_UART_Receive
    {standard input}:19     .rodata.INT_UART_Receive:00000000 $d

NO UNDEFINED SYMBOLS
